<?xml version="1.0" encoding="UTF-8"?>
<!-- Generated by org.testng.reporters.JUnitReportReporter -->
<testsuite hostname="IN3024793W2" failures="0" tests="4" name="StepDefinitions.HolidayList" time="25.079" errors="1" timestamp="2023-01-11T19:27:45 IST" skipped="0">
  <testcase classname="StepDefinitions.HolidayList" name="user_is_on_the_ey_lms_page" time="22.739"/>
  <system-out/>
  <testcase classname="StepDefinitions.HolidayList" name="user_navigates_to_the_holiday_list_page" time="2.109"/>
  <system-out/>
  <testcase classname="StepDefinitions.HolidayList" name="validate_the_public_holiday_count_is_equal_to_or_greater_than" time="0.000">
    <error message="
Parameter &#039;9&#039; is required by @Test on method validate_the_public_holiday_count_is_equal_to_or_greater_than but has not been marked @Optional or defined
in C:\Users\QN271GF\JavaWorkspaceFinal-master\GuidewireScenario3\testng.xml" type="org.testng.TestNGException">
      <![CDATA[org.testng.TestNGException: 
Parameter '9' is required by @Test on method validate_the_public_holiday_count_is_equal_to_or_greater_than but has not been marked @Optional or defined
in C:\Users\QN271GF\JavaWorkspaceFinal-master\GuidewireScenario3\testng.xml
at org.testng.internal.Parameters.createParams(Parameters.java:267)
at org.testng.internal.Parameters.createParametersForMethod(Parameters.java:355)
at org.testng.internal.Parameters.createParameters(Parameters.java:684)
at org.testng.internal.Parameters.handleParameters(Parameters.java:888)
at org.testng.internal.Parameters.handleParameters(Parameters.java:728)
at org.testng.internal.invokers.ParameterHandler.handleParameters(ParameterHandler.java:72)
at org.testng.internal.invokers.ParameterHandler.createParameters(ParameterHandler.java:51)
at org.testng.internal.invokers.TestInvoker$MethodInvocationAgent.invoke(TestInvoker.java:917)
at org.testng.internal.invokers.TestInvoker.invokeTestMethods(TestInvoker.java:194)
at org.testng.internal.invokers.TestMethodWorker.invokeTestMethods(TestMethodWorker.java:148)
at org.testng.internal.invokers.TestMethodWorker.run(TestMethodWorker.java:128)
at java.base/java.util.ArrayList.forEach(ArrayList.java:1511)
at org.testng.TestRunner.privateRun(TestRunner.java:806)
at org.testng.TestRunner.run(TestRunner.java:601)
at org.testng.SuiteRunner.runTest(SuiteRunner.java:433)
at org.testng.SuiteRunner.runSequentially(SuiteRunner.java:427)
at org.testng.SuiteRunner.privateRun(SuiteRunner.java:387)
at org.testng.SuiteRunner.run(SuiteRunner.java:330)
at org.testng.SuiteRunnerWorker.runSuite(SuiteRunnerWorker.java:52)
at org.testng.SuiteRunnerWorker.run(SuiteRunnerWorker.java:95)
at org.testng.TestNG.runSuitesSequentially(TestNG.java:1256)
at org.testng.TestNG.runSuitesLocally(TestNG.java:1176)
at org.testng.TestNG.runSuites(TestNG.java:1099)
at org.testng.TestNG.run(TestNG.java:1067)
at org.testng.remote.AbstractRemoteTestNG.run(AbstractRemoteTestNG.java:115)
at org.testng.remote.RemoteTestNG.initAndRun(RemoteTestNG.java:251)
at org.testng.remote.RemoteTestNG.main(RemoteTestNG.java:77)
]]>
    </error>
  </testcase> <!-- validate_the_public_holiday_count_is_equal_to_or_greater_than -->
  <system-out/>
  <testcase classname="StepDefinitions.HolidayList" name="user_is_able_to_split_the_holiday_details_as_per_holiday_type_and_print_it_as_a_report" time="0.231"/>
  <system-out/>
</testsuite> <!-- StepDefinitions.HolidayList -->
